The MPI test test_mpi for C in mode normal failed to compile with the following output:
Change Dir: /home/sami/Documents/travail/sami_project/cpluscplus_package/build/CMakeFiles/CMakeScratch/TryCompile-18rNLl

Run Build Command(s):/usr/bin/gmake -f Makefile cmTC_e3446/fast && /usr/bin/gmake  -f CMakeFiles/cmTC_e3446.dir/build.make CMakeFiles/cmTC_e3446.dir/build
gmake[1] : on entre dans le répertoire « /home/sami/Documents/travail/sami_project/cpluscplus_package/build/CMakeFiles/CMakeScratch/TryCompile-18rNLl »
Building C object CMakeFiles/cmTC_e3446.dir/test_mpi.c.o
/usr/bin/cc    -o CMakeFiles/cmTC_e3446.dir/test_mpi.c.o -c /home/sami/Documents/travail/sami_project/cpluscplus_package/build/CMakeFiles/CMakeScratch/TryCompile-18rNLl/test_mpi.c
/home/sami/Documents/travail/sami_project/cpluscplus_package/build/CMakeFiles/CMakeScratch/TryCompile-18rNLl/test_mpi.c:1:10: fatal error: mpi.h: Aucun fichier ou dossier de ce type
    1 | #include <mpi.h>
      |          ^~~~~~~
compilation terminated.
gmake[1]: *** [CMakeFiles/cmTC_e3446.dir/build.make:78 : CMakeFiles/cmTC_e3446.dir/test_mpi.c.o] Erreur 1
gmake[1] : on quitte le répertoire « /home/sami/Documents/travail/sami_project/cpluscplus_package/build/CMakeFiles/CMakeScratch/TryCompile-18rNLl »
gmake: *** [Makefile:127 : cmTC_e3446/fast] Erreur 2



The MPI test test_mpi for CXX in mode normal failed to compile with the following output:
Change Dir: /home/sami/Documents/travail/sami_project/cpluscplus_package/build/CMakeFiles/CMakeScratch/TryCompile-0RrLeE

Run Build Command(s):/usr/bin/gmake -f Makefile cmTC_46a3a/fast && /usr/bin/gmake  -f CMakeFiles/cmTC_46a3a.dir/build.make CMakeFiles/cmTC_46a3a.dir/build
gmake[1] : on entre dans le répertoire « /home/sami/Documents/travail/sami_project/cpluscplus_package/build/CMakeFiles/CMakeScratch/TryCompile-0RrLeE »
Building CXX object CMakeFiles/cmTC_46a3a.dir/test_mpi.cpp.o
/home/sami/Documents/travail/spack/opt/spack/linux-ubuntu22.04-ivybridge/gcc-11.3.0/gcc-11.3.0-y7fvegp5hdy5kis3zz4z45ga3fhq4czz/bin/g++    -o CMakeFiles/cmTC_46a3a.dir/test_mpi.cpp.o -c /home/sami/Documents/travail/sami_project/cpluscplus_package/build/CMakeFiles/CMakeScratch/TryCompile-0RrLeE/test_mpi.cpp
/home/sami/Documents/travail/sami_project/cpluscplus_package/build/CMakeFiles/CMakeScratch/TryCompile-0RrLeE/test_mpi.cpp:1:10: fatal error: mpi.h: No such file or directory
    1 | #include <mpi.h>
      |          ^~~~~~~
compilation terminated.
gmake[1]: *** [CMakeFiles/cmTC_46a3a.dir/build.make:78 : CMakeFiles/cmTC_46a3a.dir/test_mpi.cpp.o] Erreur 1
gmake[1] : on quitte le répertoire « /home/sami/Documents/travail/sami_project/cpluscplus_package/build/CMakeFiles/CMakeScratch/TryCompile-0RrLeE »
gmake: *** [Makefile:127 : cmTC_46a3a/fast] Erreur 2



The MPI test test_mpi for C in mode normal failed to compile with the following output:
Change Dir: /home/sami/Documents/travail/sami_project/cpluscplus_package/build/CMakeFiles/CMakeScratch/TryCompile-UwgA5a

Run Build Command(s):/usr/bin/gmake -f Makefile cmTC_2491c/fast && /usr/bin/gmake  -f CMakeFiles/cmTC_2491c.dir/build.make CMakeFiles/cmTC_2491c.dir/build
gmake[1] : on entre dans le répertoire « /home/sami/Documents/travail/sami_project/cpluscplus_package/build/CMakeFiles/CMakeScratch/TryCompile-UwgA5a »
Building C object CMakeFiles/cmTC_2491c.dir/test_mpi.c.o
/usr/bin/cc    -o CMakeFiles/cmTC_2491c.dir/test_mpi.c.o -c /home/sami/Documents/travail/sami_project/cpluscplus_package/build/CMakeFiles/CMakeScratch/TryCompile-UwgA5a/test_mpi.c
/home/sami/Documents/travail/sami_project/cpluscplus_package/build/CMakeFiles/CMakeScratch/TryCompile-UwgA5a/test_mpi.c:1:10: fatal error: mpi.h: Aucun fichier ou dossier de ce type
    1 | #include <mpi.h>
      |          ^~~~~~~
compilation terminated.
gmake[1]: *** [CMakeFiles/cmTC_2491c.dir/build.make:78 : CMakeFiles/cmTC_2491c.dir/test_mpi.c.o] Erreur 1
gmake[1] : on quitte le répertoire « /home/sami/Documents/travail/sami_project/cpluscplus_package/build/CMakeFiles/CMakeScratch/TryCompile-UwgA5a »
gmake: *** [Makefile:127 : cmTC_2491c/fast] Erreur 2



The MPI test test_mpi for CXX in mode normal failed to compile with the following output:
Change Dir: /home/sami/Documents/travail/sami_project/cpluscplus_package/build/CMakeFiles/CMakeScratch/TryCompile-dZh4aX

Run Build Command(s):/usr/bin/gmake -f Makefile cmTC_b62c0/fast && /usr/bin/gmake  -f CMakeFiles/cmTC_b62c0.dir/build.make CMakeFiles/cmTC_b62c0.dir/build
gmake[1] : on entre dans le répertoire « /home/sami/Documents/travail/sami_project/cpluscplus_package/build/CMakeFiles/CMakeScratch/TryCompile-dZh4aX »
Building CXX object CMakeFiles/cmTC_b62c0.dir/test_mpi.cpp.o
/home/sami/Documents/travail/spack/opt/spack/linux-ubuntu22.04-ivybridge/gcc-11.3.0/gcc-11.3.0-y7fvegp5hdy5kis3zz4z45ga3fhq4czz/bin/g++  -isystem /home/sami/Documents/travail/spack/opt/spack/linux-ubuntu22.04-ivybridge/gcc-11.3.0/openmpi-4.1.4-2lkfth5uajsasufzrq37cjmys4cmhjcy/include  -o CMakeFiles/cmTC_b62c0.dir/test_mpi.cpp.o -c /home/sami/Documents/travail/sami_project/cpluscplus_package/build/CMakeFiles/CMakeScratch/TryCompile-dZh4aX/test_mpi.cpp
Linking CXX executable cmTC_b62c0
/home/sami/Documents/travail/spack/opt/spack/linux-ubuntu22.04-ivybridge/gcc-11.3.0/cmake-3.25.1-lcyfsii52nr4no6mos44mmkftx3ybhfx/bin/cmake -E cmake_link_script CMakeFiles/cmTC_b62c0.dir/link.txt --verbose=1
/home/sami/Documents/travail/spack/opt/spack/linux-ubuntu22.04-ivybridge/gcc-11.3.0/gcc-11.3.0-y7fvegp5hdy5kis3zz4z45ga3fhq4czz/bin/g++ -rdynamic CMakeFiles/cmTC_b62c0.dir/test_mpi.cpp.o -o cmTC_b62c0 
/usr/bin/ld : CMakeFiles/cmTC_b62c0.dir/test_mpi.cpp.o : dans la fonction « main » :
test_mpi.cpp:(.text+0x28) : référence indéfinie vers « MPI_Init »
/usr/bin/ld : test_mpi.cpp:(.text+0x2d) : référence indéfinie vers « MPI_Finalize »
collect2: error: ld returned 1 exit status
gmake[1]: *** [CMakeFiles/cmTC_b62c0.dir/build.make:99 : cmTC_b62c0] Erreur 1
gmake[1] : on quitte le répertoire « /home/sami/Documents/travail/sami_project/cpluscplus_package/build/CMakeFiles/CMakeScratch/TryCompile-dZh4aX »
gmake: *** [Makefile:127 : cmTC_b62c0/fast] Erreur 2



The MPI test test_mpi for C in mode normal failed to compile with the following output:
Change Dir: /home/sami/Documents/travail/sami_project/cpluscplus_package/build/CMakeFiles/CMakeScratch/TryCompile-kpy4xu

Run Build Command(s):/usr/bin/gmake -f Makefile cmTC_15bf0/fast && /usr/bin/gmake  -f CMakeFiles/cmTC_15bf0.dir/build.make CMakeFiles/cmTC_15bf0.dir/build
gmake[1] : on entre dans le répertoire « /home/sami/Documents/travail/sami_project/cpluscplus_package/build/CMakeFiles/CMakeScratch/TryCompile-kpy4xu »
Building C object CMakeFiles/cmTC_15bf0.dir/test_mpi.c.o
/usr/bin/cc    -o CMakeFiles/cmTC_15bf0.dir/test_mpi.c.o -c /home/sami/Documents/travail/sami_project/cpluscplus_package/build/CMakeFiles/CMakeScratch/TryCompile-kpy4xu/test_mpi.c
/home/sami/Documents/travail/sami_project/cpluscplus_package/build/CMakeFiles/CMakeScratch/TryCompile-kpy4xu/test_mpi.c:1:10: fatal error: mpi.h: Aucun fichier ou dossier de ce type
    1 | #include <mpi.h>
      |          ^~~~~~~
compilation terminated.
gmake[1]: *** [CMakeFiles/cmTC_15bf0.dir/build.make:78 : CMakeFiles/cmTC_15bf0.dir/test_mpi.c.o] Erreur 1
gmake[1] : on quitte le répertoire « /home/sami/Documents/travail/sami_project/cpluscplus_package/build/CMakeFiles/CMakeScratch/TryCompile-kpy4xu »
gmake: *** [Makefile:127 : cmTC_15bf0/fast] Erreur 2



The MPI test test_mpi for CXX in mode normal failed to compile with the following output:
Change Dir: /home/sami/Documents/travail/sami_project/cpluscplus_package/build/CMakeFiles/CMakeScratch/TryCompile-GBkvKh

Run Build Command(s):/usr/bin/gmake -f Makefile cmTC_c1961/fast && /usr/bin/gmake  -f CMakeFiles/cmTC_c1961.dir/build.make CMakeFiles/cmTC_c1961.dir/build
gmake[1] : on entre dans le répertoire « /home/sami/Documents/travail/sami_project/cpluscplus_package/build/CMakeFiles/CMakeScratch/TryCompile-GBkvKh »
Building CXX object CMakeFiles/cmTC_c1961.dir/test_mpi.cpp.o
/home/sami/Documents/travail/spack/opt/spack/linux-ubuntu22.04-ivybridge/gcc-11.3.0/gcc-11.3.0-y7fvegp5hdy5kis3zz4z45ga3fhq4czz/bin/g++  -isystem /home/sami/Documents/travail/spack/opt/spack/linux-ubuntu22.04-ivybridge/gcc-11.3.0/openmpi-4.1.4-2lkfth5uajsasufzrq37cjmys4cmhjcy/include  -o CMakeFiles/cmTC_c1961.dir/test_mpi.cpp.o -c /home/sami/Documents/travail/sami_project/cpluscplus_package/build/CMakeFiles/CMakeScratch/TryCompile-GBkvKh/test_mpi.cpp
Linking CXX executable cmTC_c1961
/home/sami/Documents/travail/spack/opt/spack/linux-ubuntu22.04-ivybridge/gcc-11.3.0/cmake-3.25.1-lcyfsii52nr4no6mos44mmkftx3ybhfx/bin/cmake -E cmake_link_script CMakeFiles/cmTC_c1961.dir/link.txt --verbose=1
/home/sami/Documents/travail/spack/opt/spack/linux-ubuntu22.04-ivybridge/gcc-11.3.0/gcc-11.3.0-y7fvegp5hdy5kis3zz4z45ga3fhq4czz/bin/g++ -rdynamic CMakeFiles/cmTC_c1961.dir/test_mpi.cpp.o -o cmTC_c1961 
/usr/bin/ld : CMakeFiles/cmTC_c1961.dir/test_mpi.cpp.o : dans la fonction « main » :
test_mpi.cpp:(.text+0x28) : référence indéfinie vers « MPI_Init »
/usr/bin/ld : test_mpi.cpp:(.text+0x2d) : référence indéfinie vers « MPI_Finalize »
collect2: error: ld returned 1 exit status
gmake[1]: *** [CMakeFiles/cmTC_c1961.dir/build.make:99 : cmTC_c1961] Erreur 1
gmake[1] : on quitte le répertoire « /home/sami/Documents/travail/sami_project/cpluscplus_package/build/CMakeFiles/CMakeScratch/TryCompile-GBkvKh »
gmake: *** [Makefile:127 : cmTC_c1961/fast] Erreur 2



The MPI test test_mpi for C in mode normal failed to compile with the following output:
Change Dir: /home/sami/Documents/travail/sami_project/cpluscplus_package/build/CMakeFiles/CMakeScratch/TryCompile-WeSSzs

Run Build Command(s):/usr/bin/gmake -f Makefile cmTC_74dae/fast && /usr/bin/gmake  -f CMakeFiles/cmTC_74dae.dir/build.make CMakeFiles/cmTC_74dae.dir/build
gmake[1] : on entre dans le répertoire « /home/sami/Documents/travail/sami_project/cpluscplus_package/build/CMakeFiles/CMakeScratch/TryCompile-WeSSzs »
Building C object CMakeFiles/cmTC_74dae.dir/test_mpi.c.o
/usr/bin/cc    -o CMakeFiles/cmTC_74dae.dir/test_mpi.c.o -c /home/sami/Documents/travail/sami_project/cpluscplus_package/build/CMakeFiles/CMakeScratch/TryCompile-WeSSzs/test_mpi.c
/home/sami/Documents/travail/sami_project/cpluscplus_package/build/CMakeFiles/CMakeScratch/TryCompile-WeSSzs/test_mpi.c:1:10: fatal error: mpi.h: Aucun fichier ou dossier de ce type
    1 | #include <mpi.h>
      |          ^~~~~~~
compilation terminated.
gmake[1]: *** [CMakeFiles/cmTC_74dae.dir/build.make:78 : CMakeFiles/cmTC_74dae.dir/test_mpi.c.o] Erreur 1
gmake[1] : on quitte le répertoire « /home/sami/Documents/travail/sami_project/cpluscplus_package/build/CMakeFiles/CMakeScratch/TryCompile-WeSSzs »
gmake: *** [Makefile:127 : cmTC_74dae/fast] Erreur 2



The MPI test test_mpi for CXX in mode normal failed to compile with the following output:
Change Dir: /home/sami/Documents/travail/sami_project/cpluscplus_package/build/CMakeFiles/CMakeScratch/TryCompile-IQWTKW

Run Build Command(s):/usr/bin/gmake -f Makefile cmTC_5760e/fast && /usr/bin/gmake  -f CMakeFiles/cmTC_5760e.dir/build.make CMakeFiles/cmTC_5760e.dir/build
gmake[1] : on entre dans le répertoire « /home/sami/Documents/travail/sami_project/cpluscplus_package/build/CMakeFiles/CMakeScratch/TryCompile-IQWTKW »
Building CXX object CMakeFiles/cmTC_5760e.dir/test_mpi.cpp.o
/home/sami/Documents/travail/spack/opt/spack/linux-ubuntu22.04-ivybridge/gcc-11.3.0/gcc-11.3.0-y7fvegp5hdy5kis3zz4z45ga3fhq4czz/bin/g++  -isystem /home/sami/Documents/travail/spack/opt/spack/linux-ubuntu22.04-ivybridge/gcc-11.3.0/openmpi-4.1.4-2lkfth5uajsasufzrq37cjmys4cmhjcy/include  -o CMakeFiles/cmTC_5760e.dir/test_mpi.cpp.o -c /home/sami/Documents/travail/sami_project/cpluscplus_package/build/CMakeFiles/CMakeScratch/TryCompile-IQWTKW/test_mpi.cpp
Linking CXX executable cmTC_5760e
/home/sami/Documents/travail/spack/opt/spack/linux-ubuntu22.04-ivybridge/gcc-11.3.0/cmake-3.25.1-lcyfsii52nr4no6mos44mmkftx3ybhfx/bin/cmake -E cmake_link_script CMakeFiles/cmTC_5760e.dir/link.txt --verbose=1
/home/sami/Documents/travail/spack/opt/spack/linux-ubuntu22.04-ivybridge/gcc-11.3.0/gcc-11.3.0-y7fvegp5hdy5kis3zz4z45ga3fhq4czz/bin/g++ -rdynamic CMakeFiles/cmTC_5760e.dir/test_mpi.cpp.o -o cmTC_5760e 
/usr/bin/ld : CMakeFiles/cmTC_5760e.dir/test_mpi.cpp.o : dans la fonction « main » :
test_mpi.cpp:(.text+0x28) : référence indéfinie vers « MPI_Init »
/usr/bin/ld : test_mpi.cpp:(.text+0x2d) : référence indéfinie vers « MPI_Finalize »
collect2: error: ld returned 1 exit status
gmake[1]: *** [CMakeFiles/cmTC_5760e.dir/build.make:99 : cmTC_5760e] Erreur 1
gmake[1] : on quitte le répertoire « /home/sami/Documents/travail/sami_project/cpluscplus_package/build/CMakeFiles/CMakeScratch/TryCompile-IQWTKW »
gmake: *** [Makefile:127 : cmTC_5760e/fast] Erreur 2



The MPI test test_mpi for C in mode normal failed to compile with the following output:
Change Dir: /home/sami/Documents/travail/sami_project/cpluscplus_package/build/CMakeFiles/CMakeScratch/TryCompile-j2IphP

Run Build Command(s):/usr/bin/gmake -f Makefile cmTC_2b203/fast && /usr/bin/gmake  -f CMakeFiles/cmTC_2b203.dir/build.make CMakeFiles/cmTC_2b203.dir/build
gmake[1] : on entre dans le répertoire « /home/sami/Documents/travail/sami_project/cpluscplus_package/build/CMakeFiles/CMakeScratch/TryCompile-j2IphP »
Building C object CMakeFiles/cmTC_2b203.dir/test_mpi.c.o
/usr/bin/cc    -o CMakeFiles/cmTC_2b203.dir/test_mpi.c.o -c /home/sami/Documents/travail/sami_project/cpluscplus_package/build/CMakeFiles/CMakeScratch/TryCompile-j2IphP/test_mpi.c
/home/sami/Documents/travail/sami_project/cpluscplus_package/build/CMakeFiles/CMakeScratch/TryCompile-j2IphP/test_mpi.c:1:10: fatal error: mpi.h: Aucun fichier ou dossier de ce type
    1 | #include <mpi.h>
      |          ^~~~~~~
compilation terminated.
gmake[1]: *** [CMakeFiles/cmTC_2b203.dir/build.make:78 : CMakeFiles/cmTC_2b203.dir/test_mpi.c.o] Erreur 1
gmake[1] : on quitte le répertoire « /home/sami/Documents/travail/sami_project/cpluscplus_package/build/CMakeFiles/CMakeScratch/TryCompile-j2IphP »
gmake: *** [Makefile:127 : cmTC_2b203/fast] Erreur 2



The MPI test test_mpi for CXX in mode normal failed to compile with the following output:
Change Dir: /home/sami/Documents/travail/sami_project/cpluscplus_package/build/CMakeFiles/CMakeScratch/TryCompile-uBUT2s

Run Build Command(s):/usr/bin/gmake -f Makefile cmTC_223e1/fast && /usr/bin/gmake  -f CMakeFiles/cmTC_223e1.dir/build.make CMakeFiles/cmTC_223e1.dir/build
gmake[1] : on entre dans le répertoire « /home/sami/Documents/travail/sami_project/cpluscplus_package/build/CMakeFiles/CMakeScratch/TryCompile-uBUT2s »
Building CXX object CMakeFiles/cmTC_223e1.dir/test_mpi.cpp.o
/home/sami/Documents/travail/spack/opt/spack/linux-ubuntu22.04-ivybridge/gcc-11.3.0/gcc-11.3.0-y7fvegp5hdy5kis3zz4z45ga3fhq4czz/bin/g++  -isystem /home/sami/Documents/travail/spack/opt/spack/linux-ubuntu22.04-ivybridge/gcc-11.3.0/openmpi-4.1.4-2lkfth5uajsasufzrq37cjmys4cmhjcy/include  -o CMakeFiles/cmTC_223e1.dir/test_mpi.cpp.o -c /home/sami/Documents/travail/sami_project/cpluscplus_package/build/CMakeFiles/CMakeScratch/TryCompile-uBUT2s/test_mpi.cpp
Linking CXX executable cmTC_223e1
/home/sami/Documents/travail/spack/opt/spack/linux-ubuntu22.04-ivybridge/gcc-11.3.0/cmake-3.25.1-lcyfsii52nr4no6mos44mmkftx3ybhfx/bin/cmake -E cmake_link_script CMakeFiles/cmTC_223e1.dir/link.txt --verbose=1
/home/sami/Documents/travail/spack/opt/spack/linux-ubuntu22.04-ivybridge/gcc-11.3.0/gcc-11.3.0-y7fvegp5hdy5kis3zz4z45ga3fhq4czz/bin/g++ -rdynamic CMakeFiles/cmTC_223e1.dir/test_mpi.cpp.o -o cmTC_223e1 
/usr/bin/ld : CMakeFiles/cmTC_223e1.dir/test_mpi.cpp.o : dans la fonction « main » :
test_mpi.cpp:(.text+0x28) : référence indéfinie vers « MPI_Init »
/usr/bin/ld : test_mpi.cpp:(.text+0x2d) : référence indéfinie vers « MPI_Finalize »
collect2: error: ld returned 1 exit status
gmake[1]: *** [CMakeFiles/cmTC_223e1.dir/build.make:99 : cmTC_223e1] Erreur 1
gmake[1] : on quitte le répertoire « /home/sami/Documents/travail/sami_project/cpluscplus_package/build/CMakeFiles/CMakeScratch/TryCompile-uBUT2s »
gmake: *** [Makefile:127 : cmTC_223e1/fast] Erreur 2



The MPI test test_mpi for C in mode normal failed to compile with the following output:
Change Dir: /home/sami/Documents/travail/sami_project/cpluscplus_package/build/CMakeFiles/CMakeScratch/TryCompile-avwA6Q

Run Build Command(s):/usr/bin/gmake -f Makefile cmTC_3dfa9/fast && /usr/bin/gmake  -f CMakeFiles/cmTC_3dfa9.dir/build.make CMakeFiles/cmTC_3dfa9.dir/build
gmake[1] : on entre dans le répertoire « /home/sami/Documents/travail/sami_project/cpluscplus_package/build/CMakeFiles/CMakeScratch/TryCompile-avwA6Q »
Building C object CMakeFiles/cmTC_3dfa9.dir/test_mpi.c.o
/usr/bin/cc    -o CMakeFiles/cmTC_3dfa9.dir/test_mpi.c.o -c /home/sami/Documents/travail/sami_project/cpluscplus_package/build/CMakeFiles/CMakeScratch/TryCompile-avwA6Q/test_mpi.c
/home/sami/Documents/travail/sami_project/cpluscplus_package/build/CMakeFiles/CMakeScratch/TryCompile-avwA6Q/test_mpi.c:1:10: fatal error: mpi.h: Aucun fichier ou dossier de ce type
    1 | #include <mpi.h>
      |          ^~~~~~~
compilation terminated.
gmake[1]: *** [CMakeFiles/cmTC_3dfa9.dir/build.make:78 : CMakeFiles/cmTC_3dfa9.dir/test_mpi.c.o] Erreur 1
gmake[1] : on quitte le répertoire « /home/sami/Documents/travail/sami_project/cpluscplus_package/build/CMakeFiles/CMakeScratch/TryCompile-avwA6Q »
gmake: *** [Makefile:127 : cmTC_3dfa9/fast] Erreur 2



The MPI test test_mpi for CXX in mode normal failed to compile with the following output:
Change Dir: /home/sami/Documents/travail/sami_project/cpluscplus_package/build/CMakeFiles/CMakeScratch/TryCompile-4VvqI0

Run Build Command(s):/usr/bin/gmake -f Makefile cmTC_251df/fast && /usr/bin/gmake  -f CMakeFiles/cmTC_251df.dir/build.make CMakeFiles/cmTC_251df.dir/build
gmake[1] : on entre dans le répertoire « /home/sami/Documents/travail/sami_project/cpluscplus_package/build/CMakeFiles/CMakeScratch/TryCompile-4VvqI0 »
Building CXX object CMakeFiles/cmTC_251df.dir/test_mpi.cpp.o
/home/sami/Documents/travail/spack/opt/spack/linux-ubuntu22.04-ivybridge/gcc-11.3.0/gcc-11.3.0-y7fvegp5hdy5kis3zz4z45ga3fhq4czz/bin/g++  -isystem /home/sami/Documents/travail/spack/opt/spack/linux-ubuntu22.04-ivybridge/gcc-11.3.0/openmpi-4.1.4-2lkfth5uajsasufzrq37cjmys4cmhjcy/include  -o CMakeFiles/cmTC_251df.dir/test_mpi.cpp.o -c /home/sami/Documents/travail/sami_project/cpluscplus_package/build/CMakeFiles/CMakeScratch/TryCompile-4VvqI0/test_mpi.cpp
Linking CXX executable cmTC_251df
/home/sami/Documents/travail/spack/opt/spack/linux-ubuntu22.04-ivybridge/gcc-11.3.0/cmake-3.25.1-lcyfsii52nr4no6mos44mmkftx3ybhfx/bin/cmake -E cmake_link_script CMakeFiles/cmTC_251df.dir/link.txt --verbose=1
/home/sami/Documents/travail/spack/opt/spack/linux-ubuntu22.04-ivybridge/gcc-11.3.0/gcc-11.3.0-y7fvegp5hdy5kis3zz4z45ga3fhq4czz/bin/g++ -rdynamic CMakeFiles/cmTC_251df.dir/test_mpi.cpp.o -o cmTC_251df 
/usr/bin/ld : CMakeFiles/cmTC_251df.dir/test_mpi.cpp.o : dans la fonction « main » :
test_mpi.cpp:(.text+0x28) : référence indéfinie vers « MPI_Init »
/usr/bin/ld : test_mpi.cpp:(.text+0x2d) : référence indéfinie vers « MPI_Finalize »
collect2: error: ld returned 1 exit status
gmake[1]: *** [CMakeFiles/cmTC_251df.dir/build.make:99 : cmTC_251df] Erreur 1
gmake[1] : on quitte le répertoire « /home/sami/Documents/travail/sami_project/cpluscplus_package/build/CMakeFiles/CMakeScratch/TryCompile-4VvqI0 »
gmake: *** [Makefile:127 : cmTC_251df/fast] Erreur 2



The MPI test test_mpi for C in mode normal failed to compile with the following output:
Change Dir: /home/sami/Documents/travail/sami_project/cpluscplus_package/build/CMakeFiles/CMakeScratch/TryCompile-7e3TOI

Run Build Command(s):/usr/bin/gmake -f Makefile cmTC_474b6/fast && /usr/bin/gmake  -f CMakeFiles/cmTC_474b6.dir/build.make CMakeFiles/cmTC_474b6.dir/build
gmake[1] : on entre dans le répertoire « /home/sami/Documents/travail/sami_project/cpluscplus_package/build/CMakeFiles/CMakeScratch/TryCompile-7e3TOI »
Building C object CMakeFiles/cmTC_474b6.dir/test_mpi.c.o
/usr/bin/cc    -o CMakeFiles/cmTC_474b6.dir/test_mpi.c.o -c /home/sami/Documents/travail/sami_project/cpluscplus_package/build/CMakeFiles/CMakeScratch/TryCompile-7e3TOI/test_mpi.c
/home/sami/Documents/travail/sami_project/cpluscplus_package/build/CMakeFiles/CMakeScratch/TryCompile-7e3TOI/test_mpi.c:1:10: fatal error: mpi.h: Aucun fichier ou dossier de ce type
    1 | #include <mpi.h>
      |          ^~~~~~~
compilation terminated.
gmake[1]: *** [CMakeFiles/cmTC_474b6.dir/build.make:78 : CMakeFiles/cmTC_474b6.dir/test_mpi.c.o] Erreur 1
gmake[1] : on quitte le répertoire « /home/sami/Documents/travail/sami_project/cpluscplus_package/build/CMakeFiles/CMakeScratch/TryCompile-7e3TOI »
gmake: *** [Makefile:127 : cmTC_474b6/fast] Erreur 2



The MPI test test_mpi for CXX in mode normal failed to compile with the following output:
Change Dir: /home/sami/Documents/travail/sami_project/cpluscplus_package/build/CMakeFiles/CMakeScratch/TryCompile-JDpCSv

Run Build Command(s):/usr/bin/gmake -f Makefile cmTC_38928/fast && /usr/bin/gmake  -f CMakeFiles/cmTC_38928.dir/build.make CMakeFiles/cmTC_38928.dir/build
gmake[1] : on entre dans le répertoire « /home/sami/Documents/travail/sami_project/cpluscplus_package/build/CMakeFiles/CMakeScratch/TryCompile-JDpCSv »
Building CXX object CMakeFiles/cmTC_38928.dir/test_mpi.cpp.o
/home/sami/Documents/travail/spack/opt/spack/linux-ubuntu22.04-ivybridge/gcc-11.3.0/gcc-11.3.0-y7fvegp5hdy5kis3zz4z45ga3fhq4czz/bin/g++  -isystem /home/sami/Documents/travail/spack/opt/spack/linux-ubuntu22.04-ivybridge/gcc-11.3.0/openmpi-4.1.4-2lkfth5uajsasufzrq37cjmys4cmhjcy/include  -o CMakeFiles/cmTC_38928.dir/test_mpi.cpp.o -c /home/sami/Documents/travail/sami_project/cpluscplus_package/build/CMakeFiles/CMakeScratch/TryCompile-JDpCSv/test_mpi.cpp
Linking CXX executable cmTC_38928
/home/sami/Documents/travail/spack/opt/spack/linux-ubuntu22.04-ivybridge/gcc-11.3.0/cmake-3.25.1-lcyfsii52nr4no6mos44mmkftx3ybhfx/bin/cmake -E cmake_link_script CMakeFiles/cmTC_38928.dir/link.txt --verbose=1
/home/sami/Documents/travail/spack/opt/spack/linux-ubuntu22.04-ivybridge/gcc-11.3.0/gcc-11.3.0-y7fvegp5hdy5kis3zz4z45ga3fhq4czz/bin/g++ -rdynamic CMakeFiles/cmTC_38928.dir/test_mpi.cpp.o -o cmTC_38928 
/usr/bin/ld : CMakeFiles/cmTC_38928.dir/test_mpi.cpp.o : dans la fonction « main » :
test_mpi.cpp:(.text+0x28) : référence indéfinie vers « MPI_Init »
/usr/bin/ld : test_mpi.cpp:(.text+0x2d) : référence indéfinie vers « MPI_Finalize »
collect2: error: ld returned 1 exit status
gmake[1]: *** [CMakeFiles/cmTC_38928.dir/build.make:99 : cmTC_38928] Erreur 1
gmake[1] : on quitte le répertoire « /home/sami/Documents/travail/sami_project/cpluscplus_package/build/CMakeFiles/CMakeScratch/TryCompile-JDpCSv »
gmake: *** [Makefile:127 : cmTC_38928/fast] Erreur 2



The MPI test test_mpi for C in mode normal failed to compile with the following output:
Change Dir: /home/sami/Documents/travail/sami_project/cpluscplus_package/build/CMakeFiles/CMakeScratch/TryCompile-cAs5hK

Run Build Command(s):/usr/bin/gmake -f Makefile cmTC_ba7e3/fast && /usr/bin/gmake  -f CMakeFiles/cmTC_ba7e3.dir/build.make CMakeFiles/cmTC_ba7e3.dir/build
gmake[1] : on entre dans le répertoire « /home/sami/Documents/travail/sami_project/cpluscplus_package/build/CMakeFiles/CMakeScratch/TryCompile-cAs5hK »
Building C object CMakeFiles/cmTC_ba7e3.dir/test_mpi.c.o
/usr/bin/cc  -isystem /home/sami/Documents/travail/spack/opt/spack/linux-ubuntu22.04-ivybridge/gcc-11.3.0/openmpi-4.1.4-2lkfth5uajsasufzrq37cjmys4cmhjcy/include  -o CMakeFiles/cmTC_ba7e3.dir/test_mpi.c.o -c /home/sami/Documents/travail/sami_project/cpluscplus_package/build/CMakeFiles/CMakeScratch/TryCompile-cAs5hK/test_mpi.c
Linking C executable cmTC_ba7e3
/home/sami/Documents/travail/spack/opt/spack/linux-ubuntu22.04-ivybridge/gcc-11.3.0/cmake-3.25.1-lcyfsii52nr4no6mos44mmkftx3ybhfx/bin/cmake -E cmake_link_script CMakeFiles/cmTC_ba7e3.dir/link.txt --verbose=1
/usr/bin/cc -rdynamic CMakeFiles/cmTC_ba7e3.dir/test_mpi.c.o -o cmTC_ba7e3 
/usr/bin/ld : CMakeFiles/cmTC_ba7e3.dir/test_mpi.c.o : dans la fonction « main » :
test_mpi.c:(.text+0x31) : référence indéfinie vers « MPI_Init »
/usr/bin/ld : test_mpi.c:(.text+0x36) : référence indéfinie vers « MPI_Finalize »
collect2: error: ld returned 1 exit status
gmake[1]: *** [CMakeFiles/cmTC_ba7e3.dir/build.make:99 : cmTC_ba7e3] Erreur 1
gmake[1] : on quitte le répertoire « /home/sami/Documents/travail/sami_project/cpluscplus_package/build/CMakeFiles/CMakeScratch/TryCompile-cAs5hK »
gmake: *** [Makefile:127 : cmTC_ba7e3/fast] Erreur 2



The MPI test test_mpi for CXX in mode normal failed to compile with the following output:
Change Dir: /home/sami/Documents/travail/sami_project/cpluscplus_package/build/CMakeFiles/CMakeScratch/TryCompile-IkDD0G

Run Build Command(s):/usr/bin/gmake -f Makefile cmTC_ba942/fast && /usr/bin/gmake  -f CMakeFiles/cmTC_ba942.dir/build.make CMakeFiles/cmTC_ba942.dir/build
gmake[1] : on entre dans le répertoire « /home/sami/Documents/travail/sami_project/cpluscplus_package/build/CMakeFiles/CMakeScratch/TryCompile-IkDD0G »
Building CXX object CMakeFiles/cmTC_ba942.dir/test_mpi.cpp.o
/home/sami/Documents/travail/spack/opt/spack/linux-ubuntu22.04-ivybridge/gcc-11.3.0/gcc-11.3.0-y7fvegp5hdy5kis3zz4z45ga3fhq4czz/bin/g++  -isystem /home/sami/Documents/travail/spack/opt/spack/linux-ubuntu22.04-ivybridge/gcc-11.3.0/openmpi-4.1.4-2lkfth5uajsasufzrq37cjmys4cmhjcy/include  -o CMakeFiles/cmTC_ba942.dir/test_mpi.cpp.o -c /home/sami/Documents/travail/sami_project/cpluscplus_package/build/CMakeFiles/CMakeScratch/TryCompile-IkDD0G/test_mpi.cpp
Linking CXX executable cmTC_ba942
/home/sami/Documents/travail/spack/opt/spack/linux-ubuntu22.04-ivybridge/gcc-11.3.0/cmake-3.25.1-lcyfsii52nr4no6mos44mmkftx3ybhfx/bin/cmake -E cmake_link_script CMakeFiles/cmTC_ba942.dir/link.txt --verbose=1
/home/sami/Documents/travail/spack/opt/spack/linux-ubuntu22.04-ivybridge/gcc-11.3.0/gcc-11.3.0-y7fvegp5hdy5kis3zz4z45ga3fhq4czz/bin/g++ -rdynamic CMakeFiles/cmTC_ba942.dir/test_mpi.cpp.o -o cmTC_ba942 
/usr/bin/ld : CMakeFiles/cmTC_ba942.dir/test_mpi.cpp.o : dans la fonction « main » :
test_mpi.cpp:(.text+0x28) : référence indéfinie vers « MPI_Init »
/usr/bin/ld : test_mpi.cpp:(.text+0x2d) : référence indéfinie vers « MPI_Finalize »
collect2: error: ld returned 1 exit status
gmake[1]: *** [CMakeFiles/cmTC_ba942.dir/build.make:99 : cmTC_ba942] Erreur 1
gmake[1] : on quitte le répertoire « /home/sami/Documents/travail/sami_project/cpluscplus_package/build/CMakeFiles/CMakeScratch/TryCompile-IkDD0G »
gmake: *** [Makefile:127 : cmTC_ba942/fast] Erreur 2



The MPI test test_mpi for C in mode normal failed to compile with the following output:
Change Dir: /home/sami/Documents/travail/sami_project/cpluscplus_package/build/CMakeFiles/CMakeScratch/TryCompile-kHUyxu

Run Build Command(s):/usr/bin/gmake -f Makefile cmTC_a40d2/fast && /usr/bin/gmake  -f CMakeFiles/cmTC_a40d2.dir/build.make CMakeFiles/cmTC_a40d2.dir/build
gmake[1] : on entre dans le répertoire « /home/sami/Documents/travail/sami_project/cpluscplus_package/build/CMakeFiles/CMakeScratch/TryCompile-kHUyxu »
Building C object CMakeFiles/cmTC_a40d2.dir/test_mpi.c.o
/usr/bin/cc  -isystem /home/sami/Documents/travail/spack/opt/spack/linux-ubuntu22.04-ivybridge/gcc-11.3.0/openmpi-4.1.4-2lkfth5uajsasufzrq37cjmys4cmhjcy/include  -o CMakeFiles/cmTC_a40d2.dir/test_mpi.c.o -c /home/sami/Documents/travail/sami_project/cpluscplus_package/build/CMakeFiles/CMakeScratch/TryCompile-kHUyxu/test_mpi.c
Linking C executable cmTC_a40d2
/home/sami/Documents/travail/spack/opt/spack/linux-ubuntu22.04-ivybridge/gcc-11.3.0/cmake-3.25.1-lcyfsii52nr4no6mos44mmkftx3ybhfx/bin/cmake -E cmake_link_script CMakeFiles/cmTC_a40d2.dir/link.txt --verbose=1
/usr/bin/cc -rdynamic CMakeFiles/cmTC_a40d2.dir/test_mpi.c.o -o cmTC_a40d2 
/usr/bin/ld : CMakeFiles/cmTC_a40d2.dir/test_mpi.c.o : dans la fonction « main » :
test_mpi.c:(.text+0x31) : référence indéfinie vers « MPI_Init »
/usr/bin/ld : test_mpi.c:(.text+0x36) : référence indéfinie vers « MPI_Finalize »
collect2: error: ld returned 1 exit status
gmake[1]: *** [CMakeFiles/cmTC_a40d2.dir/build.make:99 : cmTC_a40d2] Erreur 1
gmake[1] : on quitte le répertoire « /home/sami/Documents/travail/sami_project/cpluscplus_package/build/CMakeFiles/CMakeScratch/TryCompile-kHUyxu »
gmake: *** [Makefile:127 : cmTC_a40d2/fast] Erreur 2



The MPI test test_mpi for CXX in mode normal failed to compile with the following output:
Change Dir: /home/sami/Documents/travail/sami_project/cpluscplus_package/build/CMakeFiles/CMakeScratch/TryCompile-bTYkqv

Run Build Command(s):/usr/bin/gmake -f Makefile cmTC_7843f/fast && /usr/bin/gmake  -f CMakeFiles/cmTC_7843f.dir/build.make CMakeFiles/cmTC_7843f.dir/build
gmake[1] : on entre dans le répertoire « /home/sami/Documents/travail/sami_project/cpluscplus_package/build/CMakeFiles/CMakeScratch/TryCompile-bTYkqv »
Building CXX object CMakeFiles/cmTC_7843f.dir/test_mpi.cpp.o
/home/sami/Documents/travail/spack/opt/spack/linux-ubuntu22.04-ivybridge/gcc-11.3.0/gcc-11.3.0-y7fvegp5hdy5kis3zz4z45ga3fhq4czz/bin/g++  -isystem /home/sami/Documents/travail/spack/opt/spack/linux-ubuntu22.04-ivybridge/gcc-11.3.0/openmpi-4.1.4-2lkfth5uajsasufzrq37cjmys4cmhjcy/include  -o CMakeFiles/cmTC_7843f.dir/test_mpi.cpp.o -c /home/sami/Documents/travail/sami_project/cpluscplus_package/build/CMakeFiles/CMakeScratch/TryCompile-bTYkqv/test_mpi.cpp
Linking CXX executable cmTC_7843f
/home/sami/Documents/travail/spack/opt/spack/linux-ubuntu22.04-ivybridge/gcc-11.3.0/cmake-3.25.1-lcyfsii52nr4no6mos44mmkftx3ybhfx/bin/cmake -E cmake_link_script CMakeFiles/cmTC_7843f.dir/link.txt --verbose=1
/home/sami/Documents/travail/spack/opt/spack/linux-ubuntu22.04-ivybridge/gcc-11.3.0/gcc-11.3.0-y7fvegp5hdy5kis3zz4z45ga3fhq4czz/bin/g++ -rdynamic CMakeFiles/cmTC_7843f.dir/test_mpi.cpp.o -o cmTC_7843f 
/usr/bin/ld : CMakeFiles/cmTC_7843f.dir/test_mpi.cpp.o : dans la fonction « main » :
test_mpi.cpp:(.text+0x28) : référence indéfinie vers « MPI_Init »
/usr/bin/ld : test_mpi.cpp:(.text+0x2d) : référence indéfinie vers « MPI_Finalize »
collect2: error: ld returned 1 exit status
gmake[1]: *** [CMakeFiles/cmTC_7843f.dir/build.make:99 : cmTC_7843f] Erreur 1
gmake[1] : on quitte le répertoire « /home/sami/Documents/travail/sami_project/cpluscplus_package/build/CMakeFiles/CMakeScratch/TryCompile-bTYkqv »
gmake: *** [Makefile:127 : cmTC_7843f/fast] Erreur 2



The MPI test test_mpi for C in mode normal failed to compile with the following output:
Change Dir: /home/sami/Documents/travail/sami_project/cpluscplus_package/build/CMakeFiles/CMakeScratch/TryCompile-nnvdM8

Run Build Command(s):/usr/bin/gmake -f Makefile cmTC_f2b3a/fast && /usr/bin/gmake  -f CMakeFiles/cmTC_f2b3a.dir/build.make CMakeFiles/cmTC_f2b3a.dir/build
gmake[1] : on entre dans le répertoire « /home/sami/Documents/travail/sami_project/cpluscplus_package/build/CMakeFiles/CMakeScratch/TryCompile-nnvdM8 »
Building C object CMakeFiles/cmTC_f2b3a.dir/test_mpi.c.o
/usr/bin/cc  -isystem /home/sami/Documents/travail/spack/opt/spack/linux-ubuntu22.04-ivybridge/gcc-11.3.0/openmpi-4.1.4-2lkfth5uajsasufzrq37cjmys4cmhjcy/include  -o CMakeFiles/cmTC_f2b3a.dir/test_mpi.c.o -c /home/sami/Documents/travail/sami_project/cpluscplus_package/build/CMakeFiles/CMakeScratch/TryCompile-nnvdM8/test_mpi.c
Linking C executable cmTC_f2b3a
/home/sami/Documents/travail/spack/opt/spack/linux-ubuntu22.04-ivybridge/gcc-11.3.0/cmake-3.25.1-lcyfsii52nr4no6mos44mmkftx3ybhfx/bin/cmake -E cmake_link_script CMakeFiles/cmTC_f2b3a.dir/link.txt --verbose=1
/usr/bin/cc -rdynamic CMakeFiles/cmTC_f2b3a.dir/test_mpi.c.o -o cmTC_f2b3a 
/usr/bin/ld : CMakeFiles/cmTC_f2b3a.dir/test_mpi.c.o : dans la fonction « main » :
test_mpi.c:(.text+0x31) : référence indéfinie vers « MPI_Init »
/usr/bin/ld : test_mpi.c:(.text+0x36) : référence indéfinie vers « MPI_Finalize »
collect2: error: ld returned 1 exit status
gmake[1]: *** [CMakeFiles/cmTC_f2b3a.dir/build.make:99 : cmTC_f2b3a] Erreur 1
gmake[1] : on quitte le répertoire « /home/sami/Documents/travail/sami_project/cpluscplus_package/build/CMakeFiles/CMakeScratch/TryCompile-nnvdM8 »
gmake: *** [Makefile:127 : cmTC_f2b3a/fast] Erreur 2



The MPI test test_mpi for CXX in mode normal failed to compile with the following output:
Change Dir: /home/sami/Documents/travail/sami_project/cpluscplus_package/build/CMakeFiles/CMakeScratch/TryCompile-EYnanj

Run Build Command(s):/usr/bin/gmake -f Makefile cmTC_09cf3/fast && /usr/bin/gmake  -f CMakeFiles/cmTC_09cf3.dir/build.make CMakeFiles/cmTC_09cf3.dir/build
gmake[1] : on entre dans le répertoire « /home/sami/Documents/travail/sami_project/cpluscplus_package/build/CMakeFiles/CMakeScratch/TryCompile-EYnanj »
Building CXX object CMakeFiles/cmTC_09cf3.dir/test_mpi.cpp.o
/home/sami/Documents/travail/spack/opt/spack/linux-ubuntu22.04-ivybridge/gcc-11.3.0/gcc-11.3.0-y7fvegp5hdy5kis3zz4z45ga3fhq4czz/bin/g++  -isystem /home/sami/Documents/travail/spack/opt/spack/linux-ubuntu22.04-ivybridge/gcc-11.3.0/openmpi-4.1.4-2lkfth5uajsasufzrq37cjmys4cmhjcy/include  -o CMakeFiles/cmTC_09cf3.dir/test_mpi.cpp.o -c /home/sami/Documents/travail/sami_project/cpluscplus_package/build/CMakeFiles/CMakeScratch/TryCompile-EYnanj/test_mpi.cpp
Linking CXX executable cmTC_09cf3
/home/sami/Documents/travail/spack/opt/spack/linux-ubuntu22.04-ivybridge/gcc-11.3.0/cmake-3.25.1-lcyfsii52nr4no6mos44mmkftx3ybhfx/bin/cmake -E cmake_link_script CMakeFiles/cmTC_09cf3.dir/link.txt --verbose=1
/home/sami/Documents/travail/spack/opt/spack/linux-ubuntu22.04-ivybridge/gcc-11.3.0/gcc-11.3.0-y7fvegp5hdy5kis3zz4z45ga3fhq4czz/bin/g++ -rdynamic CMakeFiles/cmTC_09cf3.dir/test_mpi.cpp.o -o cmTC_09cf3 
/usr/bin/ld : CMakeFiles/cmTC_09cf3.dir/test_mpi.cpp.o : dans la fonction « main » :
test_mpi.cpp:(.text+0x28) : référence indéfinie vers « MPI_Init »
/usr/bin/ld : test_mpi.cpp:(.text+0x2d) : référence indéfinie vers « MPI_Finalize »
collect2: error: ld returned 1 exit status
gmake[1]: *** [CMakeFiles/cmTC_09cf3.dir/build.make:99 : cmTC_09cf3] Erreur 1
gmake[1] : on quitte le répertoire « /home/sami/Documents/travail/sami_project/cpluscplus_package/build/CMakeFiles/CMakeScratch/TryCompile-EYnanj »
gmake: *** [Makefile:127 : cmTC_09cf3/fast] Erreur 2



The MPI test test_mpi for CXX in mode normal failed to compile with the following output:
Change Dir: /home/sami/Documents/travail/sami_project/cpluscplus_package/build/CMakeFiles/CMakeScratch/TryCompile-slktwv

Run Build Command(s):/usr/bin/gmake -f Makefile cmTC_4ce17/fast && /usr/bin/gmake  -f CMakeFiles/cmTC_4ce17.dir/build.make CMakeFiles/cmTC_4ce17.dir/build
gmake[1] : on entre dans le répertoire « /home/sami/Documents/travail/sami_project/cpluscplus_package/build/CMakeFiles/CMakeScratch/TryCompile-slktwv »
Building CXX object CMakeFiles/cmTC_4ce17.dir/test_mpi.cpp.o
/home/sami/Documents/travail/spack/opt/spack/linux-ubuntu22.04-ivybridge/gcc-11.3.0/gcc-11.3.0-y7fvegp5hdy5kis3zz4z45ga3fhq4czz/bin/g++  -isystem /home/sami/Documents/travail/spack/opt/spack/linux-ubuntu22.04-ivybridge/gcc-11.3.0/openmpi-4.1.4-2lkfth5uajsasufzrq37cjmys4cmhjcy/include  -o CMakeFiles/cmTC_4ce17.dir/test_mpi.cpp.o -c /home/sami/Documents/travail/sami_project/cpluscplus_package/build/CMakeFiles/CMakeScratch/TryCompile-slktwv/test_mpi.cpp
Linking CXX executable cmTC_4ce17
/home/sami/Documents/travail/spack/opt/spack/linux-ubuntu22.04-ivybridge/gcc-11.3.0/cmake-3.25.1-lcyfsii52nr4no6mos44mmkftx3ybhfx/bin/cmake -E cmake_link_script CMakeFiles/cmTC_4ce17.dir/link.txt --verbose=1
/home/sami/Documents/travail/spack/opt/spack/linux-ubuntu22.04-ivybridge/gcc-11.3.0/gcc-11.3.0-y7fvegp5hdy5kis3zz4z45ga3fhq4czz/bin/g++ -rdynamic CMakeFiles/cmTC_4ce17.dir/test_mpi.cpp.o -o cmTC_4ce17 
/usr/bin/ld : CMakeFiles/cmTC_4ce17.dir/test_mpi.cpp.o : dans la fonction « main » :
test_mpi.cpp:(.text+0x28) : référence indéfinie vers « MPI_Init »
/usr/bin/ld : test_mpi.cpp:(.text+0x2d) : référence indéfinie vers « MPI_Finalize »
collect2: error: ld returned 1 exit status
gmake[1]: *** [CMakeFiles/cmTC_4ce17.dir/build.make:99 : cmTC_4ce17] Erreur 1
gmake[1] : on quitte le répertoire « /home/sami/Documents/travail/sami_project/cpluscplus_package/build/CMakeFiles/CMakeScratch/TryCompile-slktwv »
gmake: *** [Makefile:127 : cmTC_4ce17/fast] Erreur 2



The MPI test test_mpi for CXX in mode normal failed to compile with the following output:
Change Dir: /home/sami/Documents/travail/sami_project/cpluscplus_package/build/CMakeFiles/CMakeScratch/TryCompile-ytE9jF

Run Build Command(s):/usr/bin/gmake -f Makefile cmTC_cf2fc/fast && /usr/bin/gmake  -f CMakeFiles/cmTC_cf2fc.dir/build.make CMakeFiles/cmTC_cf2fc.dir/build
gmake[1] : on entre dans le répertoire « /home/sami/Documents/travail/sami_project/cpluscplus_package/build/CMakeFiles/CMakeScratch/TryCompile-ytE9jF »
Building CXX object CMakeFiles/cmTC_cf2fc.dir/test_mpi.cpp.o
/home/sami/Documents/travail/spack/opt/spack/linux-ubuntu22.04-ivybridge/gcc-11.3.0/gcc-11.3.0-y7fvegp5hdy5kis3zz4z45ga3fhq4czz/bin/g++  -isystem /home/sami/Documents/travail/spack/opt/spack/linux-ubuntu22.04-ivybridge/gcc-11.3.0/openmpi-4.1.4-2lkfth5uajsasufzrq37cjmys4cmhjcy/include  -o CMakeFiles/cmTC_cf2fc.dir/test_mpi.cpp.o -c /home/sami/Documents/travail/sami_project/cpluscplus_package/build/CMakeFiles/CMakeScratch/TryCompile-ytE9jF/test_mpi.cpp
Linking CXX executable cmTC_cf2fc
/home/sami/Documents/travail/spack/opt/spack/linux-ubuntu22.04-ivybridge/gcc-11.3.0/cmake-3.25.1-lcyfsii52nr4no6mos44mmkftx3ybhfx/bin/cmake -E cmake_link_script CMakeFiles/cmTC_cf2fc.dir/link.txt --verbose=1
/home/sami/Documents/travail/spack/opt/spack/linux-ubuntu22.04-ivybridge/gcc-11.3.0/gcc-11.3.0-y7fvegp5hdy5kis3zz4z45ga3fhq4czz/bin/g++ -rdynamic CMakeFiles/cmTC_cf2fc.dir/test_mpi.cpp.o -o cmTC_cf2fc 
/usr/bin/ld : CMakeFiles/cmTC_cf2fc.dir/test_mpi.cpp.o : dans la fonction « main » :
test_mpi.cpp:(.text+0x28) : référence indéfinie vers « MPI_Init »
/usr/bin/ld : test_mpi.cpp:(.text+0x2d) : référence indéfinie vers « MPI_Finalize »
collect2: error: ld returned 1 exit status
gmake[1]: *** [CMakeFiles/cmTC_cf2fc.dir/build.make:99 : cmTC_cf2fc] Erreur 1
gmake[1] : on quitte le répertoire « /home/sami/Documents/travail/sami_project/cpluscplus_package/build/CMakeFiles/CMakeScratch/TryCompile-ytE9jF »
gmake: *** [Makefile:127 : cmTC_cf2fc/fast] Erreur 2



The MPI test test_mpi for CXX in mode normal failed to compile with the following output:
Change Dir: /home/sami/Documents/travail/sami_project/cpluscplus_package/build/CMakeFiles/CMakeScratch/TryCompile-4umQO1

Run Build Command(s):/usr/bin/gmake -f Makefile cmTC_3e74c/fast && /usr/bin/gmake  -f CMakeFiles/cmTC_3e74c.dir/build.make CMakeFiles/cmTC_3e74c.dir/build
gmake[1] : on entre dans le répertoire « /home/sami/Documents/travail/sami_project/cpluscplus_package/build/CMakeFiles/CMakeScratch/TryCompile-4umQO1 »
Building CXX object CMakeFiles/cmTC_3e74c.dir/test_mpi.cpp.o
/home/sami/Documents/travail/spack/opt/spack/linux-ubuntu22.04-ivybridge/gcc-11.3.0/gcc-11.3.0-y7fvegp5hdy5kis3zz4z45ga3fhq4czz/bin/g++  -isystem /home/sami/Documents/travail/spack/opt/spack/linux-ubuntu22.04-ivybridge/gcc-11.3.0/openmpi-4.1.4-2lkfth5uajsasufzrq37cjmys4cmhjcy/include  -o CMakeFiles/cmTC_3e74c.dir/test_mpi.cpp.o -c /home/sami/Documents/travail/sami_project/cpluscplus_package/build/CMakeFiles/CMakeScratch/TryCompile-4umQO1/test_mpi.cpp
Linking CXX executable cmTC_3e74c
/home/sami/Documents/travail/spack/opt/spack/linux-ubuntu22.04-ivybridge/gcc-11.3.0/cmake-3.25.1-lcyfsii52nr4no6mos44mmkftx3ybhfx/bin/cmake -E cmake_link_script CMakeFiles/cmTC_3e74c.dir/link.txt --verbose=1
/home/sami/Documents/travail/spack/opt/spack/linux-ubuntu22.04-ivybridge/gcc-11.3.0/gcc-11.3.0-y7fvegp5hdy5kis3zz4z45ga3fhq4czz/bin/g++ -rdynamic CMakeFiles/cmTC_3e74c.dir/test_mpi.cpp.o -o cmTC_3e74c 
/usr/bin/ld : CMakeFiles/cmTC_3e74c.dir/test_mpi.cpp.o : dans la fonction « main » :
test_mpi.cpp:(.text+0x28) : référence indéfinie vers « MPI_Init »
/usr/bin/ld : test_mpi.cpp:(.text+0x2d) : référence indéfinie vers « MPI_Finalize »
collect2: error: ld returned 1 exit status
gmake[1]: *** [CMakeFiles/cmTC_3e74c.dir/build.make:99 : cmTC_3e74c] Erreur 1
gmake[1] : on quitte le répertoire « /home/sami/Documents/travail/sami_project/cpluscplus_package/build/CMakeFiles/CMakeScratch/TryCompile-4umQO1 »
gmake: *** [Makefile:127 : cmTC_3e74c/fast] Erreur 2



The MPI test test_mpi for C in mode normal failed to compile with the following output:
Change Dir: /home/sami/Documents/travail/sami_project/cpluscplus_package/build/CMakeFiles/CMakeScratch/TryCompile-QiYY6Q

Run Build Command(s):/usr/bin/gmake -f Makefile cmTC_ad24e/fast && /usr/bin/gmake  -f CMakeFiles/cmTC_ad24e.dir/build.make CMakeFiles/cmTC_ad24e.dir/build
gmake[1] : on entre dans le répertoire « /home/sami/Documents/travail/sami_project/cpluscplus_package/build/CMakeFiles/CMakeScratch/TryCompile-QiYY6Q »
Building C object CMakeFiles/cmTC_ad24e.dir/test_mpi.c.o
/usr/bin/cc  -isystem /home/sami/Documents/travail/spack/opt/spack/linux-ubuntu22.04-ivybridge/gcc-11.3.0/openmpi-4.1.4-2lkfth5uajsasufzrq37cjmys4cmhjcy/include  -o CMakeFiles/cmTC_ad24e.dir/test_mpi.c.o -c /home/sami/Documents/travail/sami_project/cpluscplus_package/build/CMakeFiles/CMakeScratch/TryCompile-QiYY6Q/test_mpi.c
gmake[1]: ***  Aucune règle pour fabriquer la cible « /home/sami/Documents/travail/spack/opt/spack/linux-ubuntu22.04-ivybridge/gcc-11.3.0/openmpi-4.1.4-2lkfth5uajsasufzrq37cjmys4cmhjcy/lib/libmpi_cxx.so », nécessaire pour « cmTC_ad24e ». Arrêt.
gmake[1] : on quitte le répertoire « /home/sami/Documents/travail/sami_project/cpluscplus_package/build/CMakeFiles/CMakeScratch/TryCompile-QiYY6Q »
gmake: *** [Makefile:127 : cmTC_ad24e/fast] Erreur 2



The MPI test test_mpi for CXX in mode normal failed to compile with the following output:
Change Dir: /home/sami/Documents/travail/sami_project/cpluscplus_package/build/CMakeFiles/CMakeScratch/TryCompile-waJK8U

Run Build Command(s):/usr/bin/gmake -f Makefile cmTC_a5237/fast && /usr/bin/gmake  -f CMakeFiles/cmTC_a5237.dir/build.make CMakeFiles/cmTC_a5237.dir/build
gmake[1] : on entre dans le répertoire « /home/sami/Documents/travail/sami_project/cpluscplus_package/build/CMakeFiles/CMakeScratch/TryCompile-waJK8U »
Building CXX object CMakeFiles/cmTC_a5237.dir/test_mpi.cpp.o
/home/sami/Documents/travail/spack/opt/spack/linux-ubuntu22.04-ivybridge/gcc-11.3.0/gcc-11.3.0-y7fvegp5hdy5kis3zz4z45ga3fhq4czz/bin/g++  -isystem /home/sami/Documents/travail/spack/opt/spack/linux-ubuntu22.04-ivybridge/gcc-11.3.0/openmpi-4.1.4-2lkfth5uajsasufzrq37cjmys4cmhjcy/include  -o CMakeFiles/cmTC_a5237.dir/test_mpi.cpp.o -c /home/sami/Documents/travail/sami_project/cpluscplus_package/build/CMakeFiles/CMakeScratch/TryCompile-waJK8U/test_mpi.cpp
gmake[1]: ***  Aucune règle pour fabriquer la cible « /home/sami/Documents/travail/spack/opt/spack/linux-ubuntu22.04-ivybridge/gcc-11.3.0/openmpi-4.1.4-2lkfth5uajsasufzrq37cjmys4cmhjcy/lib/libmpi_cxx.so », nécessaire pour « cmTC_a5237 ». Arrêt.
gmake[1] : on quitte le répertoire « /home/sami/Documents/travail/sami_project/cpluscplus_package/build/CMakeFiles/CMakeScratch/TryCompile-waJK8U »
gmake: *** [Makefile:127 : cmTC_a5237/fast] Erreur 2



The MPI test test_mpi for C in mode normal failed to compile with the following output:
Change Dir: /home/sami/Documents/travail/sami_project/cpluscplus_package/build/CMakeFiles/CMakeScratch/TryCompile-9yA3gH

Run Build Command(s):/usr/bin/gmake -f Makefile cmTC_09c35/fast && /usr/bin/gmake  -f CMakeFiles/cmTC_09c35.dir/build.make CMakeFiles/cmTC_09c35.dir/build
gmake[1] : on entre dans le répertoire « /home/sami/Documents/travail/sami_project/cpluscplus_package/build/CMakeFiles/CMakeScratch/TryCompile-9yA3gH »
Building C object CMakeFiles/cmTC_09c35.dir/test_mpi.c.o
/usr/bin/cc  -isystem /home/sami/Documents/travail/spack/opt/spack/linux-ubuntu22.04-ivybridge/gcc-11.3.0/openmpi-4.1.4-2lkfth5uajsasufzrq37cjmys4cmhjcy/include  -o CMakeFiles/cmTC_09c35.dir/test_mpi.c.o -c /home/sami/Documents/travail/sami_project/cpluscplus_package/build/CMakeFiles/CMakeScratch/TryCompile-9yA3gH/test_mpi.c
gmake[1]: ***  Aucune règle pour fabriquer la cible « /home/sami/Documents/travail/spack/opt/spack/linux-ubuntu22.04-ivybridge/gcc-11.3.0/openmpi-4.1.4-2lkfth5uajsasufzrq37cjmys4cmhjcy/lib/libmpi_cxx.so », nécessaire pour « cmTC_09c35 ». Arrêt.
gmake[1] : on quitte le répertoire « /home/sami/Documents/travail/sami_project/cpluscplus_package/build/CMakeFiles/CMakeScratch/TryCompile-9yA3gH »
gmake: *** [Makefile:127 : cmTC_09c35/fast] Erreur 2



The MPI test test_mpi for CXX in mode normal failed to compile with the following output:
Change Dir: /home/sami/Documents/travail/sami_project/cpluscplus_package/build/CMakeFiles/CMakeScratch/TryCompile-331gLB

Run Build Command(s):/usr/bin/gmake -f Makefile cmTC_6e5b0/fast && /usr/bin/gmake  -f CMakeFiles/cmTC_6e5b0.dir/build.make CMakeFiles/cmTC_6e5b0.dir/build
gmake[1] : on entre dans le répertoire « /home/sami/Documents/travail/sami_project/cpluscplus_package/build/CMakeFiles/CMakeScratch/TryCompile-331gLB »
Building CXX object CMakeFiles/cmTC_6e5b0.dir/test_mpi.cpp.o
/home/sami/Documents/travail/spack/opt/spack/linux-ubuntu22.04-ivybridge/gcc-11.3.0/gcc-11.3.0-y7fvegp5hdy5kis3zz4z45ga3fhq4czz/bin/g++  -isystem /home/sami/Documents/travail/spack/opt/spack/linux-ubuntu22.04-ivybridge/gcc-11.3.0/openmpi-4.1.4-2lkfth5uajsasufzrq37cjmys4cmhjcy/include  -o CMakeFiles/cmTC_6e5b0.dir/test_mpi.cpp.o -c /home/sami/Documents/travail/sami_project/cpluscplus_package/build/CMakeFiles/CMakeScratch/TryCompile-331gLB/test_mpi.cpp
gmake[1]: ***  Aucune règle pour fabriquer la cible « /home/sami/Documents/travail/spack/opt/spack/linux-ubuntu22.04-ivybridge/gcc-11.3.0/openmpi-4.1.4-2lkfth5uajsasufzrq37cjmys4cmhjcy/lib/libmpi_cxx.so », nécessaire pour « cmTC_6e5b0 ». Arrêt.
gmake[1] : on quitte le répertoire « /home/sami/Documents/travail/sami_project/cpluscplus_package/build/CMakeFiles/CMakeScratch/TryCompile-331gLB »
gmake: *** [Makefile:127 : cmTC_6e5b0/fast] Erreur 2



The MPI test test_mpi for C in mode normal failed to compile with the following output:
Change Dir: /home/sami/Documents/travail/sami_project/cpluscplus_package/build/CMakeFiles/CMakeScratch/TryCompile-W3Iq2R

Run Build Command(s):/usr/bin/gmake -f Makefile cmTC_39cd1/fast && /usr/bin/gmake  -f CMakeFiles/cmTC_39cd1.dir/build.make CMakeFiles/cmTC_39cd1.dir/build
gmake[1] : on entre dans le répertoire « /home/sami/Documents/travail/sami_project/cpluscplus_package/build/CMakeFiles/CMakeScratch/TryCompile-W3Iq2R »
Building C object CMakeFiles/cmTC_39cd1.dir/test_mpi.c.o
/usr/bin/cc  -isystem /home/sami/Documents/travail/spack/opt/spack/linux-ubuntu22.04-ivybridge/gcc-11.3.0/openmpi-4.1.4-2lkfth5uajsasufzrq37cjmys4cmhjcy/include  -o CMakeFiles/cmTC_39cd1.dir/test_mpi.c.o -c /home/sami/Documents/travail/sami_project/cpluscplus_package/build/CMakeFiles/CMakeScratch/TryCompile-W3Iq2R/test_mpi.c
gmake[1]: ***  Aucune règle pour fabriquer la cible « /home/sami/Documents/travail/spack/opt/spack/linux-ubuntu22.04-ivybridge/gcc-11.3.0/openmpi-4.1.4-2lkfth5uajsasufzrq37cjmys4cmhjcy/lib/libmpi_cxx.so », nécessaire pour « cmTC_39cd1 ». Arrêt.
gmake[1] : on quitte le répertoire « /home/sami/Documents/travail/sami_project/cpluscplus_package/build/CMakeFiles/CMakeScratch/TryCompile-W3Iq2R »
gmake: *** [Makefile:127 : cmTC_39cd1/fast] Erreur 2



The MPI test test_mpi for CXX in mode normal failed to compile with the following output:
Change Dir: /home/sami/Documents/travail/sami_project/cpluscplus_package/build/CMakeFiles/CMakeScratch/TryCompile-kWW8hz

Run Build Command(s):/usr/bin/gmake -f Makefile cmTC_c7896/fast && /usr/bin/gmake  -f CMakeFiles/cmTC_c7896.dir/build.make CMakeFiles/cmTC_c7896.dir/build
gmake[1] : on entre dans le répertoire « /home/sami/Documents/travail/sami_project/cpluscplus_package/build/CMakeFiles/CMakeScratch/TryCompile-kWW8hz »
Building CXX object CMakeFiles/cmTC_c7896.dir/test_mpi.cpp.o
/home/sami/Documents/travail/spack/opt/spack/linux-ubuntu22.04-ivybridge/gcc-11.3.0/gcc-11.3.0-y7fvegp5hdy5kis3zz4z45ga3fhq4czz/bin/g++  -isystem /home/sami/Documents/travail/spack/opt/spack/linux-ubuntu22.04-ivybridge/gcc-11.3.0/openmpi-4.1.4-2lkfth5uajsasufzrq37cjmys4cmhjcy/include  -o CMakeFiles/cmTC_c7896.dir/test_mpi.cpp.o -c /home/sami/Documents/travail/sami_project/cpluscplus_package/build/CMakeFiles/CMakeScratch/TryCompile-kWW8hz/test_mpi.cpp
gmake[1]: ***  Aucune règle pour fabriquer la cible « /home/sami/Documents/travail/spack/opt/spack/linux-ubuntu22.04-ivybridge/gcc-11.3.0/openmpi-4.1.4-2lkfth5uajsasufzrq37cjmys4cmhjcy/lib/libmpi_cxx.so », nécessaire pour « cmTC_c7896 ». Arrêt.
gmake[1] : on quitte le répertoire « /home/sami/Documents/travail/sami_project/cpluscplus_package/build/CMakeFiles/CMakeScratch/TryCompile-kWW8hz »
gmake: *** [Makefile:127 : cmTC_c7896/fast] Erreur 2



The MPI test test_mpi for CXX in mode normal failed to compile with the following output:
Change Dir: /home/sami/Documents/travail/sami_project/cpluscplus_package/build/CMakeFiles/CMakeScratch/TryCompile-D1VRzC

Run Build Command(s):/usr/bin/gmake -f Makefile cmTC_e465b/fast && /usr/bin/gmake  -f CMakeFiles/cmTC_e465b.dir/build.make CMakeFiles/cmTC_e465b.dir/build
gmake[1] : on entre dans le répertoire « /home/sami/Documents/travail/sami_project/cpluscplus_package/build/CMakeFiles/CMakeScratch/TryCompile-D1VRzC »
Building CXX object CMakeFiles/cmTC_e465b.dir/test_mpi.cpp.o
/home/sami/Documents/travail/spack/opt/spack/linux-ubuntu22.04-ivybridge/gcc-11.3.0/gcc-11.3.0-y7fvegp5hdy5kis3zz4z45ga3fhq4czz/bin/g++  -isystem /home/sami/Documents/travail/spack/opt/spack/linux-ubuntu22.04-ivybridge/gcc-11.3.0/openmpi-4.1.4-um6gfja36iuzflbvulgwih4c5nclev2e/include -pthread -o CMakeFiles/cmTC_e465b.dir/test_mpi.cpp.o -c /home/sami/Documents/travail/sami_project/cpluscplus_package/build/CMakeFiles/CMakeScratch/TryCompile-D1VRzC/test_mpi.cpp
Linking CXX executable cmTC_e465b
/home/sami/Documents/travail/spack/opt/spack/linux-ubuntu22.04-ivybridge/gcc-11.3.0/cmake-3.25.1-lcyfsii52nr4no6mos44mmkftx3ybhfx/bin/cmake -E cmake_link_script CMakeFiles/cmTC_e465b.dir/link.txt --verbose=1
/home/sami/Documents/travail/spack/opt/spack/linux-ubuntu22.04-ivybridge/gcc-11.3.0/gcc-11.3.0-y7fvegp5hdy5kis3zz4z45ga3fhq4czz/bin/g++ -rdynamic CMakeFiles/cmTC_e465b.dir/test_mpi.cpp.o -o cmTC_e465b  -Wl,-rpath,/home/sami/Documents/travail/spack/opt/spack/linux-ubuntu22.04-ivybridge/gcc-11.3.0/openmpi-4.1.4-um6gfja36iuzflbvulgwih4c5nclev2e/lib /home/sami/Documents/travail/spack/opt/spack/linux-ubuntu22.04-ivybridge/gcc-11.3.0/openmpi-4.1.4-um6gfja36iuzflbvulgwih4c5nclev2e/lib/libmpi.so 
/usr/bin/ld : CMakeFiles/cmTC_e465b.dir/test_mpi.cpp.o : dans la fonction « MPI::Intracomm::Intracomm() » :
test_mpi.cpp:(.text._ZN3MPI9IntracommC2Ev[_ZN3MPI9IntracommC5Ev]+0x14) : référence indéfinie vers « MPI::Comm::Comm() »
/usr/bin/ld : CMakeFiles/cmTC_e465b.dir/test_mpi.cpp.o : dans la fonction « MPI::Intracomm::Intracomm(ompi_communicator_t*) » :
test_mpi.cpp:(.text._ZN3MPI9IntracommC2EP19ompi_communicator_t[_ZN3MPI9IntracommC5EP19ompi_communicator_t]+0x19) : référence indéfinie vers « MPI::Comm::Comm() »
/usr/bin/ld : CMakeFiles/cmTC_e465b.dir/test_mpi.cpp.o : dans la fonction « MPI::Op::Init(void (*)(void const*, void*, int, MPI::Datatype const&), bool) » :
test_mpi.cpp:(.text._ZN3MPI2Op4InitEPFvPKvPviRKNS_8DatatypeEEb[_ZN3MPI2Op4InitEPFvPKvPviRKNS_8DatatypeEEb]+0x24) : référence indéfinie vers « ompi_mpi_cxx_op_intercept »
/usr/bin/ld : CMakeFiles/cmTC_e465b.dir/test_mpi.cpp.o:(.rodata._ZTVN3MPI3WinE[_ZTVN3MPI3WinE]+0x48) : référence indéfinie vers « MPI::Win::Free() »
/usr/bin/ld : CMakeFiles/cmTC_e465b.dir/test_mpi.cpp.o:(.rodata._ZTVN3MPI8DatatypeE[_ZTVN3MPI8DatatypeE]+0x78) : référence indéfinie vers « MPI::Datatype::Free() »
collect2: error: ld returned 1 exit status
gmake[1]: *** [CMakeFiles/cmTC_e465b.dir/build.make:100 : cmTC_e465b] Erreur 1
gmake[1] : on quitte le répertoire « /home/sami/Documents/travail/sami_project/cpluscplus_package/build/CMakeFiles/CMakeScratch/TryCompile-D1VRzC »
gmake: *** [Makefile:127 : cmTC_e465b/fast] Erreur 2



The MPI test test_mpi for CXX in mode normal failed to compile with the following output:
Change Dir: /home/sami/Documents/travail/sami_project/cpluscplus_package/build/CMakeFiles/CMakeScratch/TryCompile-TxMJwI

Run Build Command(s):/usr/bin/gmake -f Makefile cmTC_241ec/fast && /usr/bin/gmake  -f CMakeFiles/cmTC_241ec.dir/build.make CMakeFiles/cmTC_241ec.dir/build
gmake[1] : on entre dans le répertoire « /home/sami/Documents/travail/sami_project/cpluscplus_package/build/CMakeFiles/CMakeScratch/TryCompile-TxMJwI »
Building CXX object CMakeFiles/cmTC_241ec.dir/test_mpi.cpp.o
/home/sami/Documents/travail/spack/opt/spack/linux-ubuntu22.04-ivybridge/gcc-11.3.0/gcc-11.3.0-y7fvegp5hdy5kis3zz4z45ga3fhq4czz/bin/g++  -isystem /home/sami/Documents/travail/spack/opt/spack/linux-ubuntu22.04-ivybridge/gcc-11.3.0/openmpi-4.1.4-um6gfja36iuzflbvulgwih4c5nclev2e/include -pthread -o CMakeFiles/cmTC_241ec.dir/test_mpi.cpp.o -c /home/sami/Documents/travail/sami_project/cpluscplus_package/build/CMakeFiles/CMakeScratch/TryCompile-TxMJwI/test_mpi.cpp
Linking CXX executable cmTC_241ec
/home/sami/Documents/travail/spack/opt/spack/linux-ubuntu22.04-ivybridge/gcc-11.3.0/cmake-3.25.1-lcyfsii52nr4no6mos44mmkftx3ybhfx/bin/cmake -E cmake_link_script CMakeFiles/cmTC_241ec.dir/link.txt --verbose=1
/home/sami/Documents/travail/spack/opt/spack/linux-ubuntu22.04-ivybridge/gcc-11.3.0/gcc-11.3.0-y7fvegp5hdy5kis3zz4z45ga3fhq4czz/bin/g++ -rdynamic CMakeFiles/cmTC_241ec.dir/test_mpi.cpp.o -o cmTC_241ec  -Wl,-rpath,/home/sami/Documents/travail/spack/opt/spack/linux-ubuntu22.04-ivybridge/gcc-11.3.0/openmpi-4.1.4-um6gfja36iuzflbvulgwih4c5nclev2e/lib /home/sami/Documents/travail/spack/opt/spack/linux-ubuntu22.04-ivybridge/gcc-11.3.0/openmpi-4.1.4-um6gfja36iuzflbvulgwih4c5nclev2e/lib/libmpi.so 
/usr/bin/ld : CMakeFiles/cmTC_241ec.dir/test_mpi.cpp.o : dans la fonction « MPI::Intracomm::Intracomm() » :
test_mpi.cpp:(.text._ZN3MPI9IntracommC2Ev[_ZN3MPI9IntracommC5Ev]+0x14) : référence indéfinie vers « MPI::Comm::Comm() »
/usr/bin/ld : CMakeFiles/cmTC_241ec.dir/test_mpi.cpp.o : dans la fonction « MPI::Intracomm::Intracomm(ompi_communicator_t*) » :
test_mpi.cpp:(.text._ZN3MPI9IntracommC2EP19ompi_communicator_t[_ZN3MPI9IntracommC5EP19ompi_communicator_t]+0x19) : référence indéfinie vers « MPI::Comm::Comm() »
/usr/bin/ld : CMakeFiles/cmTC_241ec.dir/test_mpi.cpp.o : dans la fonction « MPI::Op::Init(void (*)(void const*, void*, int, MPI::Datatype const&), bool) » :
test_mpi.cpp:(.text._ZN3MPI2Op4InitEPFvPKvPviRKNS_8DatatypeEEb[_ZN3MPI2Op4InitEPFvPKvPviRKNS_8DatatypeEEb]+0x24) : référence indéfinie vers « ompi_mpi_cxx_op_intercept »
/usr/bin/ld : CMakeFiles/cmTC_241ec.dir/test_mpi.cpp.o:(.rodata._ZTVN3MPI3WinE[_ZTVN3MPI3WinE]+0x48) : référence indéfinie vers « MPI::Win::Free() »
/usr/bin/ld : CMakeFiles/cmTC_241ec.dir/test_mpi.cpp.o:(.rodata._ZTVN3MPI8DatatypeE[_ZTVN3MPI8DatatypeE]+0x78) : référence indéfinie vers « MPI::Datatype::Free() »
collect2: error: ld returned 1 exit status
gmake[1]: *** [CMakeFiles/cmTC_241ec.dir/build.make:100 : cmTC_241ec] Erreur 1
gmake[1] : on quitte le répertoire « /home/sami/Documents/travail/sami_project/cpluscplus_package/build/CMakeFiles/CMakeScratch/TryCompile-TxMJwI »
gmake: *** [Makefile:127 : cmTC_241ec/fast] Erreur 2



The MPI test test_mpi for CXX in mode normal failed to compile with the following output:
Change Dir: /home/sami/Documents/travail/sami_project/cpluscplus_package/build/CMakeFiles/CMakeScratch/TryCompile-KjPKb0

Run Build Command(s):/usr/bin/gmake -f Makefile cmTC_8310b/fast && /usr/bin/gmake  -f CMakeFiles/cmTC_8310b.dir/build.make CMakeFiles/cmTC_8310b.dir/build
gmake[1] : on entre dans le répertoire « /home/sami/Documents/travail/sami_project/cpluscplus_package/build/CMakeFiles/CMakeScratch/TryCompile-KjPKb0 »
Building CXX object CMakeFiles/cmTC_8310b.dir/test_mpi.cpp.o
/home/sami/Documents/travail/spack/opt/spack/linux-ubuntu22.04-ivybridge/gcc-11.3.0/gcc-11.3.0-y7fvegp5hdy5kis3zz4z45ga3fhq4czz/bin/g++  -isystem /home/sami/Documents/travail/spack/opt/spack/linux-ubuntu22.04-ivybridge/gcc-11.3.0/openmpi-4.1.4-um6gfja36iuzflbvulgwih4c5nclev2e/include -pthread -o CMakeFiles/cmTC_8310b.dir/test_mpi.cpp.o -c /home/sami/Documents/travail/sami_project/cpluscplus_package/build/CMakeFiles/CMakeScratch/TryCompile-KjPKb0/test_mpi.cpp
Linking CXX executable cmTC_8310b
/home/sami/Documents/travail/spack/opt/spack/linux-ubuntu22.04-ivybridge/gcc-11.3.0/cmake-3.25.1-lcyfsii52nr4no6mos44mmkftx3ybhfx/bin/cmake -E cmake_link_script CMakeFiles/cmTC_8310b.dir/link.txt --verbose=1
/home/sami/Documents/travail/spack/opt/spack/linux-ubuntu22.04-ivybridge/gcc-11.3.0/gcc-11.3.0-y7fvegp5hdy5kis3zz4z45ga3fhq4czz/bin/g++ -rdynamic CMakeFiles/cmTC_8310b.dir/test_mpi.cpp.o -o cmTC_8310b  -Wl,-rpath,/home/sami/Documents/travail/spack/opt/spack/linux-ubuntu22.04-ivybridge/gcc-11.3.0/openmpi-4.1.4-um6gfja36iuzflbvulgwih4c5nclev2e/lib /home/sami/Documents/travail/spack/opt/spack/linux-ubuntu22.04-ivybridge/gcc-11.3.0/openmpi-4.1.4-um6gfja36iuzflbvulgwih4c5nclev2e/lib/libmpi.so 
/usr/bin/ld : CMakeFiles/cmTC_8310b.dir/test_mpi.cpp.o : dans la fonction « MPI::Intracomm::Intracomm() » :
test_mpi.cpp:(.text._ZN3MPI9IntracommC2Ev[_ZN3MPI9IntracommC5Ev]+0x14) : référence indéfinie vers « MPI::Comm::Comm() »
/usr/bin/ld : CMakeFiles/cmTC_8310b.dir/test_mpi.cpp.o : dans la fonction « MPI::Intracomm::Intracomm(ompi_communicator_t*) » :
test_mpi.cpp:(.text._ZN3MPI9IntracommC2EP19ompi_communicator_t[_ZN3MPI9IntracommC5EP19ompi_communicator_t]+0x19) : référence indéfinie vers « MPI::Comm::Comm() »
/usr/bin/ld : CMakeFiles/cmTC_8310b.dir/test_mpi.cpp.o : dans la fonction « MPI::Op::Init(void (*)(void const*, void*, int, MPI::Datatype const&), bool) » :
test_mpi.cpp:(.text._ZN3MPI2Op4InitEPFvPKvPviRKNS_8DatatypeEEb[_ZN3MPI2Op4InitEPFvPKvPviRKNS_8DatatypeEEb]+0x24) : référence indéfinie vers « ompi_mpi_cxx_op_intercept »
/usr/bin/ld : CMakeFiles/cmTC_8310b.dir/test_mpi.cpp.o:(.rodata._ZTVN3MPI3WinE[_ZTVN3MPI3WinE]+0x48) : référence indéfinie vers « MPI::Win::Free() »
/usr/bin/ld : CMakeFiles/cmTC_8310b.dir/test_mpi.cpp.o:(.rodata._ZTVN3MPI8DatatypeE[_ZTVN3MPI8DatatypeE]+0x78) : référence indéfinie vers « MPI::Datatype::Free() »
collect2: error: ld returned 1 exit status
gmake[1]: *** [CMakeFiles/cmTC_8310b.dir/build.make:100 : cmTC_8310b] Erreur 1
gmake[1] : on quitte le répertoire « /home/sami/Documents/travail/sami_project/cpluscplus_package/build/CMakeFiles/CMakeScratch/TryCompile-KjPKb0 »
gmake: *** [Makefile:127 : cmTC_8310b/fast] Erreur 2



The MPI test test_mpi for CXX in mode normal failed to compile with the following output:
Change Dir: /home/sami/Documents/travail/sami_project/cpluscplus_package/build/CMakeFiles/CMakeScratch/TryCompile-EJ7Ivi

Run Build Command(s):/usr/bin/gmake -f Makefile cmTC_5c9ca/fast && /usr/bin/gmake  -f CMakeFiles/cmTC_5c9ca.dir/build.make CMakeFiles/cmTC_5c9ca.dir/build
gmake[1] : on entre dans le répertoire « /home/sami/Documents/travail/sami_project/cpluscplus_package/build/CMakeFiles/CMakeScratch/TryCompile-EJ7Ivi »
Building CXX object CMakeFiles/cmTC_5c9ca.dir/test_mpi.cpp.o
/home/sami/Documents/travail/spack/opt/spack/linux-ubuntu22.04-ivybridge/gcc-11.3.0/gcc-11.3.0-y7fvegp5hdy5kis3zz4z45ga3fhq4czz/bin/g++  -isystem /home/sami/Documents/travail/spack/opt/spack/linux-ubuntu22.04-ivybridge/gcc-11.3.0/openmpi-4.1.4-um6gfja36iuzflbvulgwih4c5nclev2e/include -pthread -o CMakeFiles/cmTC_5c9ca.dir/test_mpi.cpp.o -c /home/sami/Documents/travail/sami_project/cpluscplus_package/build/CMakeFiles/CMakeScratch/TryCompile-EJ7Ivi/test_mpi.cpp
Linking CXX executable cmTC_5c9ca
/home/sami/Documents/travail/spack/opt/spack/linux-ubuntu22.04-ivybridge/gcc-11.3.0/cmake-3.25.1-lcyfsii52nr4no6mos44mmkftx3ybhfx/bin/cmake -E cmake_link_script CMakeFiles/cmTC_5c9ca.dir/link.txt --verbose=1
/home/sami/Documents/travail/spack/opt/spack/linux-ubuntu22.04-ivybridge/gcc-11.3.0/gcc-11.3.0-y7fvegp5hdy5kis3zz4z45ga3fhq4czz/bin/g++ -rdynamic CMakeFiles/cmTC_5c9ca.dir/test_mpi.cpp.o -o cmTC_5c9ca  -Wl,-rpath,/home/sami/Documents/travail/spack/opt/spack/linux-ubuntu22.04-ivybridge/gcc-11.3.0/openmpi-4.1.4-um6gfja36iuzflbvulgwih4c5nclev2e/lib /home/sami/Documents/travail/spack/opt/spack/linux-ubuntu22.04-ivybridge/gcc-11.3.0/openmpi-4.1.4-um6gfja36iuzflbvulgwih4c5nclev2e/lib/libmpi.so 
/usr/bin/ld : CMakeFiles/cmTC_5c9ca.dir/test_mpi.cpp.o : dans la fonction « MPI::Intracomm::Intracomm() » :
test_mpi.cpp:(.text._ZN3MPI9IntracommC2Ev[_ZN3MPI9IntracommC5Ev]+0x14) : référence indéfinie vers « MPI::Comm::Comm() »
/usr/bin/ld : CMakeFiles/cmTC_5c9ca.dir/test_mpi.cpp.o : dans la fonction « MPI::Intracomm::Intracomm(ompi_communicator_t*) » :
test_mpi.cpp:(.text._ZN3MPI9IntracommC2EP19ompi_communicator_t[_ZN3MPI9IntracommC5EP19ompi_communicator_t]+0x19) : référence indéfinie vers « MPI::Comm::Comm() »
/usr/bin/ld : CMakeFiles/cmTC_5c9ca.dir/test_mpi.cpp.o : dans la fonction « MPI::Op::Init(void (*)(void const*, void*, int, MPI::Datatype const&), bool) » :
test_mpi.cpp:(.text._ZN3MPI2Op4InitEPFvPKvPviRKNS_8DatatypeEEb[_ZN3MPI2Op4InitEPFvPKvPviRKNS_8DatatypeEEb]+0x24) : référence indéfinie vers « ompi_mpi_cxx_op_intercept »
/usr/bin/ld : CMakeFiles/cmTC_5c9ca.dir/test_mpi.cpp.o:(.rodata._ZTVN3MPI3WinE[_ZTVN3MPI3WinE]+0x48) : référence indéfinie vers « MPI::Win::Free() »
/usr/bin/ld : CMakeFiles/cmTC_5c9ca.dir/test_mpi.cpp.o:(.rodata._ZTVN3MPI8DatatypeE[_ZTVN3MPI8DatatypeE]+0x78) : référence indéfinie vers « MPI::Datatype::Free() »
collect2: error: ld returned 1 exit status
gmake[1]: *** [CMakeFiles/cmTC_5c9ca.dir/build.make:100 : cmTC_5c9ca] Erreur 1
gmake[1] : on quitte le répertoire « /home/sami/Documents/travail/sami_project/cpluscplus_package/build/CMakeFiles/CMakeScratch/TryCompile-EJ7Ivi »
gmake: *** [Makefile:127 : cmTC_5c9ca/fast] Erreur 2



The MPI test test_mpi for CXX in mode normal failed to compile with the following output:
Change Dir: /home/sami/Documents/travail/sami_project/cpluscplus_package/build/CMakeFiles/CMakeScratch/TryCompile-RMNcTe

Run Build Command(s):/usr/bin/gmake -f Makefile cmTC_7d428/fast && /usr/bin/gmake  -f CMakeFiles/cmTC_7d428.dir/build.make CMakeFiles/cmTC_7d428.dir/build
gmake[1] : on entre dans le répertoire « /home/sami/Documents/travail/sami_project/cpluscplus_package/build/CMakeFiles/CMakeScratch/TryCompile-RMNcTe »
Building CXX object CMakeFiles/cmTC_7d428.dir/test_mpi.cpp.o
/home/sami/Documents/travail/spack/opt/spack/linux-ubuntu22.04-ivybridge/gcc-11.3.0/gcc-11.3.0-y7fvegp5hdy5kis3zz4z45ga3fhq4czz/bin/g++  -isystem /home/sami/Documents/travail/spack/opt/spack/linux-ubuntu22.04-ivybridge/gcc-11.3.0/openmpi-4.1.4-um6gfja36iuzflbvulgwih4c5nclev2e/include -pthread -o CMakeFiles/cmTC_7d428.dir/test_mpi.cpp.o -c /home/sami/Documents/travail/sami_project/cpluscplus_package/build/CMakeFiles/CMakeScratch/TryCompile-RMNcTe/test_mpi.cpp
Linking CXX executable cmTC_7d428
/home/sami/Documents/travail/spack/opt/spack/linux-ubuntu22.04-ivybridge/gcc-11.3.0/cmake-3.25.1-lcyfsii52nr4no6mos44mmkftx3ybhfx/bin/cmake -E cmake_link_script CMakeFiles/cmTC_7d428.dir/link.txt --verbose=1
/home/sami/Documents/travail/spack/opt/spack/linux-ubuntu22.04-ivybridge/gcc-11.3.0/gcc-11.3.0-y7fvegp5hdy5kis3zz4z45ga3fhq4czz/bin/g++ -rdynamic CMakeFiles/cmTC_7d428.dir/test_mpi.cpp.o -o cmTC_7d428  -Wl,-rpath,/home/sami/Documents/travail/spack/opt/spack/linux-ubuntu22.04-ivybridge/gcc-11.3.0/openmpi-4.1.4-um6gfja36iuzflbvulgwih4c5nclev2e/lib /home/sami/Documents/travail/spack/opt/spack/linux-ubuntu22.04-ivybridge/gcc-11.3.0/openmpi-4.1.4-um6gfja36iuzflbvulgwih4c5nclev2e/lib/libmpi.so 
/usr/bin/ld : CMakeFiles/cmTC_7d428.dir/test_mpi.cpp.o : dans la fonction « MPI::Intracomm::Intracomm() » :
test_mpi.cpp:(.text._ZN3MPI9IntracommC2Ev[_ZN3MPI9IntracommC5Ev]+0x14) : référence indéfinie vers « MPI::Comm::Comm() »
/usr/bin/ld : CMakeFiles/cmTC_7d428.dir/test_mpi.cpp.o : dans la fonction « MPI::Intracomm::Intracomm(ompi_communicator_t*) » :
test_mpi.cpp:(.text._ZN3MPI9IntracommC2EP19ompi_communicator_t[_ZN3MPI9IntracommC5EP19ompi_communicator_t]+0x19) : référence indéfinie vers « MPI::Comm::Comm() »
/usr/bin/ld : CMakeFiles/cmTC_7d428.dir/test_mpi.cpp.o : dans la fonction « MPI::Op::Init(void (*)(void const*, void*, int, MPI::Datatype const&), bool) » :
test_mpi.cpp:(.text._ZN3MPI2Op4InitEPFvPKvPviRKNS_8DatatypeEEb[_ZN3MPI2Op4InitEPFvPKvPviRKNS_8DatatypeEEb]+0x24) : référence indéfinie vers « ompi_mpi_cxx_op_intercept »
/usr/bin/ld : CMakeFiles/cmTC_7d428.dir/test_mpi.cpp.o:(.rodata._ZTVN3MPI3WinE[_ZTVN3MPI3WinE]+0x48) : référence indéfinie vers « MPI::Win::Free() »
/usr/bin/ld : CMakeFiles/cmTC_7d428.dir/test_mpi.cpp.o:(.rodata._ZTVN3MPI8DatatypeE[_ZTVN3MPI8DatatypeE]+0x78) : référence indéfinie vers « MPI::Datatype::Free() »
collect2: error: ld returned 1 exit status
gmake[1]: *** [CMakeFiles/cmTC_7d428.dir/build.make:100 : cmTC_7d428] Erreur 1
gmake[1] : on quitte le répertoire « /home/sami/Documents/travail/sami_project/cpluscplus_package/build/CMakeFiles/CMakeScratch/TryCompile-RMNcTe »
gmake: *** [Makefile:127 : cmTC_7d428/fast] Erreur 2



The MPI test test_mpi for CXX in mode normal failed to compile with the following output:
Change Dir: /home/sami/Documents/travail/sami_project/cpluscplus_package/build/CMakeFiles/CMakeScratch/TryCompile-4SLX6b

Run Build Command(s):/usr/bin/gmake -f Makefile cmTC_e7d25/fast && /usr/bin/gmake  -f CMakeFiles/cmTC_e7d25.dir/build.make CMakeFiles/cmTC_e7d25.dir/build
gmake[1] : on entre dans le répertoire « /home/sami/Documents/travail/sami_project/cpluscplus_package/build/CMakeFiles/CMakeScratch/TryCompile-4SLX6b »
Building CXX object CMakeFiles/cmTC_e7d25.dir/test_mpi.cpp.o
/home/sami/Documents/travail/spack/opt/spack/linux-ubuntu22.04-ivybridge/gcc-11.3.0/gcc-11.3.0-y7fvegp5hdy5kis3zz4z45ga3fhq4czz/bin/g++  -isystem /home/sami/Documents/travail/spack/opt/spack/linux-ubuntu22.04-ivybridge/gcc-11.3.0/openmpi-4.1.4-um6gfja36iuzflbvulgwih4c5nclev2e/include -pthread -o CMakeFiles/cmTC_e7d25.dir/test_mpi.cpp.o -c /home/sami/Documents/travail/sami_project/cpluscplus_package/build/CMakeFiles/CMakeScratch/TryCompile-4SLX6b/test_mpi.cpp
Linking CXX executable cmTC_e7d25
/home/sami/Documents/travail/spack/opt/spack/linux-ubuntu22.04-ivybridge/gcc-11.3.0/cmake-3.25.1-lcyfsii52nr4no6mos44mmkftx3ybhfx/bin/cmake -E cmake_link_script CMakeFiles/cmTC_e7d25.dir/link.txt --verbose=1
/home/sami/Documents/travail/spack/opt/spack/linux-ubuntu22.04-ivybridge/gcc-11.3.0/gcc-11.3.0-y7fvegp5hdy5kis3zz4z45ga3fhq4czz/bin/g++ -rdynamic CMakeFiles/cmTC_e7d25.dir/test_mpi.cpp.o -o cmTC_e7d25  -Wl,-rpath,/home/sami/Documents/travail/spack/opt/spack/linux-ubuntu22.04-ivybridge/gcc-11.3.0/openmpi-4.1.4-um6gfja36iuzflbvulgwih4c5nclev2e/lib /home/sami/Documents/travail/spack/opt/spack/linux-ubuntu22.04-ivybridge/gcc-11.3.0/openmpi-4.1.4-um6gfja36iuzflbvulgwih4c5nclev2e/lib/libmpi.so 
/usr/bin/ld : CMakeFiles/cmTC_e7d25.dir/test_mpi.cpp.o : dans la fonction « MPI::Intracomm::Intracomm() » :
test_mpi.cpp:(.text._ZN3MPI9IntracommC2Ev[_ZN3MPI9IntracommC5Ev]+0x14) : référence indéfinie vers « MPI::Comm::Comm() »
/usr/bin/ld : CMakeFiles/cmTC_e7d25.dir/test_mpi.cpp.o : dans la fonction « MPI::Intracomm::Intracomm(ompi_communicator_t*) » :
test_mpi.cpp:(.text._ZN3MPI9IntracommC2EP19ompi_communicator_t[_ZN3MPI9IntracommC5EP19ompi_communicator_t]+0x19) : référence indéfinie vers « MPI::Comm::Comm() »
/usr/bin/ld : CMakeFiles/cmTC_e7d25.dir/test_mpi.cpp.o : dans la fonction « MPI::Op::Init(void (*)(void const*, void*, int, MPI::Datatype const&), bool) » :
test_mpi.cpp:(.text._ZN3MPI2Op4InitEPFvPKvPviRKNS_8DatatypeEEb[_ZN3MPI2Op4InitEPFvPKvPviRKNS_8DatatypeEEb]+0x24) : référence indéfinie vers « ompi_mpi_cxx_op_intercept »
/usr/bin/ld : CMakeFiles/cmTC_e7d25.dir/test_mpi.cpp.o:(.rodata._ZTVN3MPI3WinE[_ZTVN3MPI3WinE]+0x48) : référence indéfinie vers « MPI::Win::Free() »
/usr/bin/ld : CMakeFiles/cmTC_e7d25.dir/test_mpi.cpp.o:(.rodata._ZTVN3MPI8DatatypeE[_ZTVN3MPI8DatatypeE]+0x78) : référence indéfinie vers « MPI::Datatype::Free() »
collect2: error: ld returned 1 exit status
gmake[1]: *** [CMakeFiles/cmTC_e7d25.dir/build.make:100 : cmTC_e7d25] Erreur 1
gmake[1] : on quitte le répertoire « /home/sami/Documents/travail/sami_project/cpluscplus_package/build/CMakeFiles/CMakeScratch/TryCompile-4SLX6b »
gmake: *** [Makefile:127 : cmTC_e7d25/fast] Erreur 2



